<?xml version="1.0" encoding="UTF-8"?>
<robot generator="Robot 3.1.2 (Python 3.9.4 on win32)" generated="20210416 14:09:29.330" rpa="false">
<suite id="s1" name="HR" source="D:\GMZ\AlaskaERP_Robot\TestCases\HR.robot">
<kw name="openTheBrowser" library="login_resources" type="setup">
<kw name="Open Browser" library="SeleniumLibrary">
<doc>Opens a new browser instance to the optional ``url``.</doc>
<arguments>
<arg>${url}</arg>
<arg>${browser}</arg>
</arguments>
<msg timestamp="20210416 14:09:29.746" level="INFO">Opening browser 'chrome' to base url 'https://demo.alaskaerp.com/branch'.</msg>
<status status="PASS" starttime="20210416 14:09:29.746" endtime="20210416 14:09:58.548"></status>
</kw>
<kw name="Maximize Browser Window" library="SeleniumLibrary">
<doc>Maximizes current browser window.</doc>
<status status="PASS" starttime="20210416 14:09:58.548" endtime="20210416 14:09:59.033"></status>
</kw>
<status status="PASS" starttime="20210416 14:09:29.746" endtime="20210416 14:09:59.033"></status>
</kw>
<test id="s1-t1" name="Employee Profile">
<kw name="Set Selenium Implicit Wait" library="SeleniumLibrary">
<doc>Sets the implicit wait value used by Selenium.</doc>
<arguments>
<arg>50</arg>
</arguments>
<status status="PASS" starttime="20210416 14:09:59.035" endtime="20210416 14:09:59.038"></status>
</kw>
<kw name="loginAlaskaERP" library="login_resources">
<kw name="Input Text" library="SeleniumLibrary">
<doc>Types the given ``text`` into the text field identified by ``locator``.</doc>
<arguments>
<arg>id:email</arg>
<arg>employee@alaskaerp.com</arg>
<arg>clear=True</arg>
</arguments>
<msg timestamp="20210416 14:09:59.042" level="INFO">Typing text 'employee@alaskaerp.com' into text field 'id:email'.</msg>
<status status="PASS" starttime="20210416 14:09:59.041" endtime="20210416 14:09:59.452"></status>
</kw>
<kw name="Input Text" library="SeleniumLibrary">
<doc>Types the given ``text`` into the text field identified by ``locator``.</doc>
<arguments>
<arg>id:password</arg>
<arg>Hello2021</arg>
</arguments>
<msg timestamp="20210416 14:09:59.454" level="INFO">Typing text 'Hello2021' into text field 'id:password'.</msg>
<status status="PASS" starttime="20210416 14:09:59.453" endtime="20210416 14:09:59.823"></status>
</kw>
<kw name="Click Element" library="SeleniumLibrary">
<doc>Click the element identified by ``locator``.</doc>
<arguments>
<arg>xpath://*[@id="__layout"]/div/div/div/div/div/div/div/form/button</arg>
</arguments>
<msg timestamp="20210416 14:09:59.825" level="INFO">Clicking element 'xpath://*[@id="__layout"]/div/div/div/div/div/div/div/form/button'.</msg>
<status status="PASS" starttime="20210416 14:09:59.824" endtime="20210416 14:09:59.956"></status>
</kw>
<status status="PASS" starttime="20210416 14:09:59.041" endtime="20210416 14:09:59.956"></status>
</kw>
<kw name="Employee Profile">
<kw name="Click Link" library="SeleniumLibrary">
<doc>Clicks a link identified by ``locator``.</doc>
<arguments>
<arg>link:HR</arg>
</arguments>
<msg timestamp="20210416 14:09:59.959" level="INFO">Clicking link 'link:HR'.</msg>
<status status="PASS" starttime="20210416 14:09:59.956" endtime="20210416 14:10:09.382"></status>
</kw>
<kw name="Click Link" library="SeleniumLibrary">
<doc>Clicks a link identified by ``locator``.</doc>
<arguments>
<arg>link:Employee Profile</arg>
</arguments>
<msg timestamp="20210416 14:10:09.383" level="INFO">Clicking link 'link:Employee Profile'.</msg>
<status status="PASS" starttime="20210416 14:10:09.382" endtime="20210416 14:10:09.762"></status>
</kw>
<kw name="Click Button" library="SeleniumLibrary">
<doc>Clicks the button identified by ``locator``.</doc>
<arguments>
<arg>xpath://button[contains(.,'Add')]</arg>
</arguments>
<msg timestamp="20210416 14:10:09.762" level="INFO">Clicking button 'xpath://button[contains(.,'Add')]'.</msg>
<status status="PASS" starttime="20210416 14:10:09.762" endtime="20210416 14:10:23.544"></status>
</kw>
<kw name="Input Text" library="SeleniumLibrary">
<doc>Types the given ``text`` into the text field identified by ``locator``.</doc>
<arguments>
<arg>id:name</arg>
<arg>Muhammad asad</arg>
</arguments>
<msg timestamp="20210416 14:10:23.546" level="INFO">Typing text 'Muhammad asad' into text field 'id:name'.</msg>
<kw name="Capture Page Screenshot" library="SeleniumLibrary">
<doc>Takes a screenshot of the current page and embeds it into a log file.</doc>
<msg timestamp="20210416 14:11:14.294" level="INFO" html="yes">&lt;/td&gt;&lt;/tr&gt;&lt;tr&gt;&lt;td colspan="3"&gt;&lt;a href="selenium-screenshot-85.png"&gt;&lt;img src="selenium-screenshot-85.png" width="800px"&gt;&lt;/a&gt;</msg>
<status status="PASS" starttime="20210416 14:11:13.581" endtime="20210416 14:11:14.294"></status>
</kw>
<msg timestamp="20210416 14:11:14.569" level="FAIL">Element with locator 'id:name' not found.</msg>
<status status="FAIL" starttime="20210416 14:10:23.546" endtime="20210416 14:11:14.570"></status>
</kw>
<status status="FAIL" starttime="20210416 14:09:59.956" endtime="20210416 14:11:14.570"></status>
</kw>
<status status="FAIL" starttime="20210416 14:09:59.033" endtime="20210416 14:11:14.571" critical="yes">Element with locator 'id:name' not found.</status>
</test>
<kw name="closeAllBrowser" library="login_resources" type="teardown">
<kw name="Close All Browsers" library="SeleniumLibrary">
<doc>Closes all open browsers and resets the browser cache.</doc>
<status status="PASS" starttime="20210416 14:11:14.577" endtime="20210416 14:11:16.951"></status>
</kw>
<status status="PASS" starttime="20210416 14:11:14.576" endtime="20210416 14:11:16.951"></status>
</kw>
<status status="FAIL" starttime="20210416 14:09:29.335" endtime="20210416 14:11:16.952"></status>
</suite>
<statistics>
<total>
<stat pass="0" fail="1">Critical Tests</stat>
<stat pass="0" fail="1">All Tests</stat>
</total>
<tag>
</tag>
<suite>
<stat pass="0" fail="1" id="s1" name="HR">HR</stat>
</suite>
</statistics>
<errors>
</errors>
</robot>
